<?xml version="1.0" encoding="UTF-8"?>
<testsuite xmlns:xsi="http://www.w3.org/2001/XMLSchema-instance" xsi:noNamespaceSchemaLocation="https://maven.apache.org/surefire/maven-surefire-plugin/xsd/surefire-test-report.xsd" name="com.yajava.calculator.CalculatorTest" time="0.028" tests="6" errors="0" skipped="0" failures="6">
  <properties>
[...]
</properties>
  <testcase name="subtraction" classname="com.yajava.calculator.CalculatorTest" time="0.009">
    <failure message="expected: &lt;-2.0&gt; but was: &lt;0.0&gt;" type="org.opentest4j.AssertionFailedError"><![CDATA[org.opentest4j.AssertionFailedError: expected: <-2.0> but was: <0.0>
	at com.yajava.calculator.CalculatorTest.subtraction(CalculatorTest.java:21)
]]></failure>
  </testcase>
  <testcase name="factorial" classname="com.yajava.calculator.CalculatorTest" time="0">
    <failure message="expected: &lt;5040&gt; but was: &lt;0&gt;" type="org.opentest4j.AssertionFailedError"><![CDATA[org.opentest4j.AssertionFailedError: expected: <5040> but was: <0>
	at com.yajava.calculator.CalculatorTest.factorial(CalculatorTest.java:37)
]]></failure>
  </testcase>
  <testcase name="addition" classname="com.yajava.calculator.CalculatorTest" time="0.001">
    <failure message="expected: &lt;3.0&gt; but was: &lt;0.0&gt;" type="org.opentest4j.AssertionFailedError"><![CDATA[org.opentest4j.AssertionFailedError: expected: <3.0> but was: <0.0>
	at com.yajava.calculator.CalculatorTest.addition(CalculatorTest.java:16)
]]></failure>
  </testcase>
  <testcase name="division" classname="com.yajava.calculator.CalculatorTest" time="0.001">
    <failure message="expected: &lt;3.0&gt; but was: &lt;0.0&gt;" type="org.opentest4j.AssertionFailedError"><![CDATA[org.opentest4j.AssertionFailedError: expected: <3.0> but was: <0.0>
	at com.yajava.calculator.CalculatorTest.division(CalculatorTest.java:31)
]]></failure>
  </testcase>
  <testcase name="multiplication" classname="com.yajava.calculator.CalculatorTest" time="0.001">
    <failure message="expected: &lt;30.0&gt; but was: &lt;0.0&gt;" type="org.opentest4j.AssertionFailedError"><![CDATA[org.opentest4j.AssertionFailedError: expected: <30.0> but was: <0.0>
	at com.yajava.calculator.CalculatorTest.multiplication(CalculatorTest.java:26)
]]></failure>
  </testcase>
  <testcase name="factorialException" classname="com.yajava.calculator.CalculatorTest" time="0.004">
    <failure message="Expected com.yajava.calculator.ToLargeFactorialException to be thrown, but nothing was thrown." type="org.opentest4j.AssertionFailedError">org.opentest4j.AssertionFailedError: Expected com.yajava.calculator.ToLargeFactorialException to be thrown, but nothing was thrown.
	at com.yajava.calculator.CalculatorTest.factorialException(CalculatorTest.java:46)
</failure>
  </testcase>
</testsuite>